<?xml version="1.0" encoding="UTF-8"?>
<!-- Generated by org.testng.reporters.JUnitReportReporter -->
<testsuite hostname="BK7N00046993" name="mobile.demoApp.testA" tests="2" failures="0" timestamp="14 Sep 2016 00:20:28 GMT" time="152.790" errors="0">
  <testcase name="dragdroptest" time="64.973" classname="mobile.demoApp.testA"/>
  <testcase name="homeMenutest" time="87.817" classname="mobile.demoApp.testA"/>
</testsuite> <!-- mobile.demoApp.testA -->
